<?xml version="1.0" encoding="UTF-8"?>
<!-- Generated by org.testng.reporters.JUnitReportReporter -->
<testsuite hostname="Sarath" failures="0" tests="12" name="testCases.TestCases" time="93.185" errors="0" timestamp="2024-11-12T18:34:44 IST" skipped="0">
  <testcase classname="testCases.TestCases" name="TC_PP_001" time="6.786"/>
  <testcase classname="testCases.TestCases" name="TC_PP_002" time="7.611"/>
  <testcase classname="testCases.TestCases" name="TC_PP_003" time="6.094"/>
  <testcase classname="testCases.TestCases" name="TC_PP_004" time="7.415"/>
  <testcase classname="testCases.TestCases" name="TC_PP_004" time="8.025"/>
  <testcase classname="testCases.TestCases" name="TC_PP_004" time="7.563"/>
  <testcase classname="testCases.TestCases" name="TC_PP_005" time="5.953"/>
  <testcase classname="testCases.TestCases" name="TC_PP_006" time="6.375"/>
  <testcase classname="testCases.TestCases" name="TC_PP_007" time="6.556"/>
  <testcase classname="testCases.TestCases" name="TC_PP_008" time="18.225"/>
  <testcase classname="testCases.TestCases" name="TC_PP_009" time="6.927"/>
  <testcase classname="testCases.TestCases" name="TC_PP_010" time="5.655"/>
</testsuite> <!-- testCases.TestCases -->
