<?xml version="1.0" encoding="UTF-8"?>
<!-- Generated by org.testng.reporters.JUnitReportReporter -->
<testsuite hostname="Sarath" failures="0" tests="4" name="testCases.TestCases7to9" time="39.564" errors="0" timestamp="2024-11-12T11:57:10 IST" skipped="0">
  <testcase classname="testCases.TestCases7to9" name="testFileUpload" time="11.123"/>
  <testcase classname="testCases.TestCases7to9" name="testDynamicLoading" time="17.028"/>
  <testcase classname="testCases.TestCases7to9" name="testHovers" time="6.626"/>
  <testcase classname="testCases.TestCases7to9" name="testOnloadError" time="4.787"/>
</testsuite> <!-- testCases.TestCases7to9 -->
