<?xml version="1.0" encoding="UTF-8"?>
<!-- Generated by org.testng.reporters.JUnitReportReporter -->
<testsuite hostname="Sarath" failures="0" tests="1" name="testCases.FirstTest" time="30.995" errors="0" timestamp="2024-11-11T16:37:18 IST" skipped="0">
  <testcase classname="testCases.FirstTest" name="TC_PP_003" time="30.995"/>
</testsuite> <!-- testCases.FirstTest -->
