<?xml version="1.0" encoding="UTF-8"?>
<!-- Generated by org.testng.reporters.JUnitReportReporter -->
<testsuite hostname="Sarath" failures="0" tests="12" name="testCases.TestCases" time="92.513" errors="0" timestamp="2024-11-12T18:29:46 IST" skipped="0">
  <testcase classname="testCases.TestCases" name="TC_PP_001" time="5.992"/>
  <testcase classname="testCases.TestCases" name="TC_PP_002" time="5.934"/>
  <testcase classname="testCases.TestCases" name="TC_PP_003" time="5.731"/>
  <testcase classname="testCases.TestCases" name="TC_PP_004" time="7.881"/>
  <testcase classname="testCases.TestCases" name="TC_PP_004" time="8.344"/>
  <testcase classname="testCases.TestCases" name="TC_PP_004" time="8.432"/>
  <testcase classname="testCases.TestCases" name="TC_PP_005" time="7.752"/>
  <testcase classname="testCases.TestCases" name="TC_PP_006" time="6.158"/>
  <testcase classname="testCases.TestCases" name="TC_PP_007" time="6.733"/>
  <testcase classname="testCases.TestCases" name="TC_PP_008" time="17.523"/>
  <testcase classname="testCases.TestCases" name="TC_PP_009" time="6.531"/>
  <testcase classname="testCases.TestCases" name="TC_PP_010" time="5.502"/>
</testsuite> <!-- testCases.TestCases -->
